1510887149221	geckodriver	INFO	geckodriver 0.19.1
1510887149230	geckodriver	INFO	Listening on 127.0.0.1:49834
1510887151316	mozrunner::runner	INFO	Running command: "D:\\Software\\Firefox\\firefox.exe" "-marionette" "-profile" "C:\\Users\\Administrator\\AppData\\Local\\Temp\\rust_mozprofile.NZIIkfFsA21O"
1510887153523	Marionette	INFO	Enabled via --marionette
[[GFGXF1X1--]: Could not get a D]X: Could not get aGI adapter
 DXGI adapter
[GFX1-]: Could not get a DXGI adapter
1510887162970	Marionette	INFO	Listening on port 49840
1510887163363	Marionette	WARN	TLS certificate errors will be ignored for this session
1510887163595	Marionette	DEBUG	Register listener.js for window 4294967297
1510887163617	Marionette	DEBUG	Received DOM event "beforeunload" for "about:blank"
1510887164138	Marionette	DEBUG	Received DOM event "pagehide" for "about:blank"
1510887164139	Marionette	DEBUG	Received DOM event "unload" for "about:blank"
Unable to read VR Path Registry from C:\Users\Administrator\AppData\Local\openvr\openvrpaths.vrpath
JavaScript error: https://ss1.bdstatic.com/5eN1bjq8AAUYm2zgoY3K/r/www/cache/static/protocol/https/plugins/every_cookie_4644b13.js, line 4: ReferenceError: c is not defined
1510887164725	Marionette	DEBUG	Received DOM event "DOMContentLoaded" for "https://www.baidu.com/"
1510887165099	Marionette	DEBUG	Received DOM event "pageshow" for "https://www.baidu.com/"
1510887193911	geckodriver	INFO	geckodriver 0.19.1
1510887193920	geckodriver	INFO	Listening on 127.0.0.1:49891
1510887195986	mozrunner::runner	INFO	Running command: "D:\\Software\\Firefox\\firefox.exe" "-marionette" "-profile" "C:\\Users\\Administrator\\AppData\\Local\\Temp\\rust_mozprofile.cJkUi3Siu1YN"
1510887197707	Marionette	INFO	Enabled via --marionette
[GFX1-]: Could not get a DXGI adapter
[GFX1-]: Could not get a DXGI adapter
[GFX1-]: Could not get a DXGI adapter
1510887205502	Marionette	INFO	Listening on port 49897
1510887205926	Marionette	WARN	TLS certificate errors will be ignored for this session
1510887205979	Marionette	DEBUG	Register listener.js for window 4294967297
1510887206004	Marionette	DEBUG	Received DOM event "beforeunload" for "about:blank"
1510887206617	Marionette	DEBUG	Received DOM event "pagehide" for "about:blank"
1510887206618	Marionette	DEBUG	Received DOM event "unload" for "about:blank"
Unable to read VR Path Registry from C:\Users\Administrator\AppData\Local\openvr\openvrpaths.vrpath
JavaScript error: https://ss1.bdstatic.com/5eN1bjq8AAUYm2zgoY3K/r/www/cache/static/protocol/https/plugins/every_cookie_4644b13.js, line 4: ReferenceError: c is not defined
1510887207107	Marionette	DEBUG	Received DOM event "DOMContentLoaded" for "https://www.baidu.com/"
1510887207174	Marionette	DEBUG	Received DOM event "pageshow" for "https://www.baidu.com/"
1510887221150	geckodriver	INFO	geckodriver 0.19.1
1510887221158	geckodriver	INFO	Listening on 127.0.0.1:49941
1510887223222	mozrunner::runner	INFO	Running command: "D:\\Software\\Firefox\\firefox.exe" "-marionette" "-profile" "C:\\Users\\Administrator\\AppData\\Local\\Temp\\rust_mozprofile.IQJS5sKSycU5"
1510887224520	Marionette	INFO	Enabled via --marionette
[GFX1-]: Could not get a DXGI adapter
[GFX1-]: Could not get a DXGI adapter
[GFX1-]: ClientLayerManager::BeginTransaction with IPC channel down. GPU process may have died.
[GFX1-]: Could not get a DXGI adapter
1510887229543	Marionette	INFO	Listening on port 49947
1510887230571	Marionette	WARN	TLS certificate errors will be ignored for this session
1510887230624	Marionette	DEBUG	Register listener.js for window 4294967297
1510887230647	Marionette	DEBUG	Received DOM event "beforeunload" for "about:blank"
1510887231261	Marionette	DEBUG	Received DOM event "pagehide" for "about:blank"
1510887231261	Marionette	DEBUG	Received DOM event "unload" for "about:blank"
Unable to read VR Path Registry from C:\Users\Administrator\AppData\Local\openvr\openvrpaths.vrpath
JavaScript error: https://ss1.bdstatic.com/5eN1bjq8AAUYm2zgoY3K/r/www/cache/static/protocol/https/plugins/every_cookie_4644b13.js, line 4: ReferenceError: c is not defined
1510887231643	Marionette	DEBUG	Received DOM event "DOMContentLoaded" for "https://www.baidu.com/"
1510887231787	Marionette	DEBUG	Received DOM event "pageshow" for "https://www.baidu.com/"
1510887677887	geckodriver	INFO	geckodriver 0.19.1
1510887677896	geckodriver	INFO	Listening on 127.0.0.1:50027
1510887679950	mozrunner::runner	INFO	Running command: "D:\\Software\\Firefox\\firefox.exe" "-marionette" "-profile" "C:\\Users\\Administrator\\AppData\\Local\\Temp\\rust_mozprofile.2aQUPNQM5YqY"
1510887681236	Marionette	INFO	Enabled via --marionette
[GFX1-]: Could not get a DXGI adapter
[GFX1-]: Could not get a DXGI adapter
[GFX1-]: Could not get a DXGI adapter
1510887686080	Marionette	INFO	Listening on port 50033
1510887686199	Marionette	WARN	TLS certificate errors will be ignored for this session
1510887686255	Marionette	DEBUG	Register listener.js for window 4294967297
1510887686277	Marionette	DEBUG	Received DOM event "beforeunload" for "about:blank"
1510887686946	Marionette	DEBUG	Received DOM event "pagehide" for "about:blank"
1510887686946	Marionette	DEBUG	Received DOM event "unload" for "about:blank"
Unable to read VR Path Registry from C:\Users\Administrator\AppData\Local\openvr\openvrpaths.vrpath
JavaScript error: https://ss1.bdstatic.com/5eN1bjq8AAUYm2zgoY3K/r/www/cache/static/protocol/https/plugins/every_cookie_4644b13.js, line 4: ReferenceError: c is not defined
1510887687207	Marionette	DEBUG	Received DOM event "DOMContentLoaded" for "https://www.baidu.com/"
1510887687329	Marionette	DEBUG	Received DOM event "pageshow" for "https://www.baidu.com/"
JavaScript error: https://sp0.baidu.com/5a1Fazu8AA54nxGko9WTAnF6hhy/su?wd=P&json=1&p=3&sid=1462_21087_17001_20930&req=2&csor=1&cb=jQuery1102015861276417170722_1510887687056&_=1510887687058, line 1: TypeError: jQuery1102015861276417170722_1510887687056 is not a function
JavaScript error: https://sp0.baidu.com/5a1Fazu8AA54nxGko9WTAnF6hhy/su?wd=Py&json=1&p=3&sid=1462_21087_17001_20930&req=2&csor=2&pwd=P&cb=jQuery1102015861276417170722_1510887687056&_=1510887687059, line 1: TypeError: jQuery1102015861276417170722_1510887687056 is not a function
1510887809589	geckodriver	INFO	geckodriver 0.19.1
1510887809598	geckodriver	INFO	Listening on 127.0.0.1:50101
1510887811652	mozrunner::runner	INFO	Running command: "D:\\Software\\Firefox\\firefox.exe" "-marionette" "-profile" "C:\\Users\\Administrator\\AppData\\Local\\Temp\\rust_mozprofile.moYOhmY0mLj2"
1510887812942	Marionette	INFO	Enabled via --marionette
[GFX1-]: Could not get a DXGI adapter
[GFX1-]: Could not get a DXGI adapter
Unable to read VR Path Registry from C:\Users\Administrator\AppData\Local\openvr\openvrpaths.vrpath
[Child 9268, Chrome_ChildThread] WARNING: pipe error: 109: file z:/build/build/src/ipc/chromium/src/chrome/common/ipc_channel_win.cc, line 346
[Child 9268, Chrome_ChildThread] WARNING: pipe error: 109: file z:/build/build/src/ipc/chromium/src/chrome/common/ipc_channel_win.cc, line 346
[GFX1-]: Could not get a DXGI adapter
1510887817591	Marionette	INFO	Listening on port 50108
1510887817885	Marionette	WARN	TLS certificate errors will be ignored for this session
1510887817954	Marionette	DEBUG	Register listener.js for window 4294967297
1510887817977	Marionette	DEBUG	Received DOM event "beforeunload" for "about:blank"
1510887818512	Marionette	DEBUG	Received DOM event "pagehide" for "about:blank"
1510887818512	Marionette	DEBUG	Received DOM event "unload" for "about:blank"
Unable to read VR Path Registry from C:\Users\Administrator\AppData\Local\openvr\openvrpaths.vrpath
JavaScript error: https://ss1.bdstatic.com/5eN1bjq8AAUYm2zgoY3K/r/www/cache/static/protocol/https/plugins/every_cookie_4644b13.js, line 4: ReferenceError: c is not defined
1510887818863	Marionette	DEBUG	Received DOM event "DOMContentLoaded" for "https://www.baidu.com/"
1510887818938	Marionette	DEBUG	Received DOM event "pageshow" for "https://www.baidu.com/"
1510887843533	geckodriver	INFO	geckodriver 0.19.1
1510887843542	geckodriver	INFO	Listening on 127.0.0.1:50158
1510887845618	mozrunner::runner	INFO	Running command: "D:\\Software\\Firefox\\firefox.exe" "-marionette" "-profile" "C:\\Users\\Administrator\\AppData\\Local\\Temp\\rust_mozprofile.2WvASTzs5G4r"
1510887846929	Marionette	INFO	Enabled via --marionette
[GFX1-]: Could not get a DXGI adapter
[GFX1-]: Could not get a DXGI adapter
[GFX1-]: ClientLayerManager::BeginTransaction with IPC channel down. GPU process may have died.
Unable to read VR Path Registry from C:\Users\Administrator\AppData\Local\openvr\openvrpaths.vrpath
[Child 6496, Chrome_ChildThread] WARNING: pipe error: 109: file z:/build/build/src/ipc/chromium/src/chrome/common/ipc_channel_win.cc, line 346
[Child 6496, Chrome_ChildThread] WARNING: pipe error: 109: file z:/build/build/src/ipc/chromium/src/chrome/common/ipc_channel_win.cc, line 346
[GFX1-]: Could not get a DXGI adapter
1510887852527	Marionette	INFO	Listening on port 50165
1510887852973	Marionette	WARN	TLS certificate errors will be ignored for this session
1510887853039	Marionette	DEBUG	Register listener.js for window 4294967297
1510887853058	Marionette	DEBUG	Received DOM event "beforeunload" for "about:blank"
1510887853518	Marionette	DEBUG	Received DOM event "pagehide" for "about:blank"
1510887853518	Marionette	DEBUG	Received DOM event "unload" for "about:blank"
Unable to read VR Path Registry from C:\Users\Administrator\AppData\Local\openvr\openvrpaths.vrpath
JavaScript error: https://ss1.bdstatic.com/5eN1bjq8AAUYm2zgoY3K/r/www/cache/static/protocol/https/plugins/every_cookie_4644b13.js, line 4: ReferenceError: c is not defined
1510887853751	Marionette	DEBUG	Received DOM event "DOMContentLoaded" for "https://www.baidu.com/"
1510887853788	Marionette	DEBUG	Received DOM event "pageshow" for "https://www.baidu.com/"
JavaScript error: https://sp0.baidu.com/5a1Fazu8AA54nxGko9WTAnF6hhy/su?wd=P&json=1&p=3&sid=25117_1434_13702_21107_17001_22073&req=2&csor=1&cb=jQuery11020362231238203259_1510887853657&_=1510887853659, line 1: TypeError: jQuery11020362231238203259_1510887853657 is not a function
JavaScript error: https://sp0.baidu.com/5a1Fazu8AA54nxGko9WTAnF6hhy/su?wd=Py&json=1&p=3&sid=25117_1434_13702_21107_17001_22073&req=2&csor=2&pwd=P&cb=jQuery11020362231238203259_1510887853657&_=1510887853660, line 1: TypeError: jQuery11020362231238203259_1510887853657 is not a function
JavaScript error: https://sp0.baidu.com/5a1Fazu8AA54nxGko9WTAnF6hhy/su?wd=Pyth&json=1&p=3&sid=25117_1434_13702_21107_17001_22073&req=2&csor=4&pwd=Pyt&cb=jQuery11020362231238203259_1510887853657&_=1510887853662, line 1: TypeError: jQuery11020362231238203259_1510887853657 is not a function
JavaScript error: https://sp0.baidu.com/5a1Fazu8AA54nxGko9WTAnF6hhy/su?wd=Pyt&json=1&p=3&sid=25117_1434_13702_21107_17001_22073&req=2&csor=3&pwd=Py&cb=jQuery11020362231238203259_1510887853657&_=1510887853661, line 1: TypeError: jQuery11020362231238203259_1510887853657 is not a function
JavaScript error: https://sp0.baidu.com/5a1Fazu8AA54nxGko9WTAnF6hhy/su?wd=Pytho&json=1&p=3&sid=25117_1434_13702_21107_17001_22073&req=2&csor=5&pwd=Pyth&cb=jQuery11020362231238203259_1510887853657&_=1510887853663, line 1: TypeError: jQuery11020362231238203259_1510887853657 is not a function
JavaScript error: https://sp0.baidu.com/5a1Fazu8AA54nxGko9WTAnF6hhy/su?wd=Python&json=1&p=3&sid=25117_1434_13702_21107_17001_22073&req=2&csor=6&pwd=Pytho&cb=jQuery11020362231238203259_1510887853657&_=1510887853664, line 1: TypeError: jQuery11020362231238203259_1510887853657 is not a function
1510887868990	geckodriver	INFO	geckodriver 0.19.1
1510887868999	geckodriver	INFO	Listening on 127.0.0.1:50214
1510887871058	mozrunner::runner	INFO	Running command: "D:\\Software\\Firefox\\firefox.exe" "-marionette" "-profile" "C:\\Users\\Administrator\\AppData\\Local\\Temp\\rust_mozprofile.qqnLI2IpdHmW"
1510887872199	Marionette	INFO	Enabled via --marionette
[GFX1-]: Could not get a DXGI adapter
[GFX1-]: Could not get a DXGI adapter
[GFX1-]: Could not get a DXGI adapter
1510887877280	Marionette	INFO	Listening on port 50220
1510887877307	Marionette	WARN	TLS certificate errors will be ignored for this session
1510887877367	Marionette	DEBUG	Register listener.js for window 4294967297
1510887877389	Marionette	DEBUG	Received DOM event "beforeunload" for "about:blank"
1510887877942	Marionette	DEBUG	Received DOM event "pagehide" for "about:blank"
1510887877943	Marionette	DEBUG	Received DOM event "unload" for "about:blank"
Unable to read VR Path Registry from C:\Users\Administrator\AppData\Local\openvr\openvrpaths.vrpath
JavaScript error: https://ss1.bdstatic.com/5eN1bjq8AAUYm2zgoY3K/r/www/cache/static/protocol/https/plugins/every_cookie_4644b13.js, line 4: ReferenceError: c is not defined
1510887878202	Marionette	DEBUG	Received DOM event "DOMContentLoaded" for "https://www.baidu.com/"
1510887878407	Marionette	DEBUG	Received DOM event "pageshow" for "https://www.baidu.com/"
1510887905616	geckodriver	INFO	geckodriver 0.19.1
1510887905625	geckodriver	INFO	Listening on 127.0.0.1:50261
1510887907674	mozrunner::runner	INFO	Running command: "D:\\Software\\Firefox\\firefox.exe" "-marionette" "-profile" "C:\\Users\\Administrator\\AppData\\Local\\Temp\\rust_mozprofile.ny91aBEBRYXS"
1510887908937	Marionette	INFO	Enabled via --marionette
[GFX1-]: Could not get a DXGI adapter
[GFX1-]: Could not get a DXGI adapter
Unable to read VR Path Registry from C:\Users\Administrator\AppData\Local\openvr\openvrpaths.vrpath
[Child 10328, Chrome_ChildThread] WARNING: pipe error: 109: file z:/build/build/src/ipc/chromium/src/chrome/common/ipc_channel_win.cc, line 346
[Child 10328, Chrome_ChildThread] WARNING: pipe error: 109: file z:/build/build/src/ipc/chromium/src/chrome/common/ipc_channel_win.cc, line 346
[GFX1-]: Could not get a DXGI adapter
1510887914538	Marionette	INFO	Listening on port 50267
1510887915022	Marionette	WARN	TLS certificate errors will be ignored for this session
1510887915089	Marionette	DEBUG	Register listener.js for window 4294967297
1510887915111	Marionette	DEBUG	Received DOM event "beforeunload" for "about:blank"
1510887915614	Marionette	DEBUG	Received DOM event "pagehide" for "about:blank"
1510887915614	Marionette	DEBUG	Received DOM event "unload" for "about:blank"
Unable to read VR Path Registry from C:\Users\Administrator\AppData\Local\openvr\openvrpaths.vrpath
JavaScript error: https://ss1.bdstatic.com/5eN1bjq8AAUYm2zgoY3K/r/www/cache/static/protocol/https/plugins/every_cookie_4644b13.js, line 4: ReferenceError: c is not defined
1510887915920	Marionette	DEBUG	Received DOM event "DOMContentLoaded" for "https://www.baidu.com/"
1510887916114	Marionette	DEBUG	Received DOM event "pageshow" for "https://www.baidu.com/"
1510887935825	geckodriver	INFO	geckodriver 0.19.1
1510887935834	geckodriver	INFO	Listening on 127.0.0.1:50310
1510887937892	mozrunner::runner	INFO	Running command: "D:\\Software\\Firefox\\firefox.exe" "-marionette" "-profile" "C:\\Users\\Administrator\\AppData\\Local\\Temp\\rust_mozprofile.z81pPIY754dA"
1510887939075	Marionette	INFO	Enabled via --marionette
[GFX1-]: Could not get a DXGI adapter
[GFX1-]: Could not get a DXGI adapter
[GFX1-]: ClientLayerManager::BeginTransaction with IPC channel down. GPU process may have died.
Unable to read VR Path Registry from C:\Users\Administrator\AppData\Local\openvr\openvrpaths.vrpath
[Child 1000, Chrome_ChildThread] WARNING: pipe error: 109: file z:/build/build/src/ipc/chromium/src/chrome/common/ipc_channel_win.cc, line 346
[Child 1000, Chrome_ChildThread] WARNING: pipe error: 109: file z:/build/build/src/ipc/chromium/src/chrome/common/ipc_channel_win.cc, line 346
[GFX1-]: Could not get a DXGI adapter
1510887944018	Marionette	INFO	Listening on port 50316
1510887944122	Marionette	WARN	TLS certificate errors will be ignored for this session
1510887944178	Marionette	DEBUG	Register listener.js for window 4294967297
1510887944208	Marionette	DEBUG	Received DOM event "beforeunload" for "about:blank"
1510887944638	Marionette	DEBUG	Received DOM event "pagehide" for "about:blank"
1510887944638	Marionette	DEBUG	Received DOM event "unload" for "about:blank"
Unable to read VR Path Registry from C:\Users\Administrator\AppData\Local\openvr\openvrpaths.vrpath
JavaScript error: https://ss1.bdstatic.com/5eN1bjq8AAUYm2zgoY3K/r/www/cache/static/protocol/https/plugins/every_cookie_4644b13.js, line 4: ReferenceError: c is not defined
1510887944847	Marionette	DEBUG	Received DOM event "DOMContentLoaded" for "https://www.baidu.com/"
1510887944913	Marionette	DEBUG	Received DOM event "pageshow" for "https://www.baidu.com/"
